

Please cite the following paper when using nnUNet:

Isensee, F., Jaeger, P.F., Kohl, S.A.A. et al. "nnU-Net: a self-configuring method for deep learning-based biomedical image segmentation." Nat Methods (2020). https://doi.org/10.1038/s41592-020-01008-z


If you have questions or suggestions, feel free to open an issue at https://github.com/MIC-DKFZ/nnUNet

Traceback (most recent call last):
  File "/home/hd/hd_hd/hd_ei260/miniconda3/envs/covid_seg/bin/nnUNet_train", line 33, in <module>
    sys.exit(load_entry_point('nnunet', 'console_scripts', 'nnUNet_train')())
  File "/pfs/data5/home/hd/hd_hd/hd_ei260/nnUNet/nnunet/run/run_training.py", line 137, in main
    trainer_class = get_default_configuration(network, task, network_trainer, plans_identifier)
  File "/pfs/data5/home/hd/hd_hd/hd_ei260/nnUNet/nnunet/run/default_configuration.py", line 59, in get_default_configuration
    trainer_class = recursive_find_python_class([join(*search_in)], network_trainer,
  File "/pfs/data5/home/hd/hd_hd/hd_ei260/nnUNet/nnunet/training/model_restore.py", line 28, in recursive_find_python_class
    m = importlib.import_module(current_module + "." + modname)
  File "/home/hd/hd_hd/hd_ei260/miniconda3/envs/covid_seg/lib/python3.9/importlib/__init__.py", line 127, in import_module
    return _bootstrap._gcd_import(name[level:], package, level)
  File "<frozen importlib._bootstrap>", line 1030, in _gcd_import
  File "<frozen importlib._bootstrap>", line 1007, in _find_and_load
  File "<frozen importlib._bootstrap>", line 986, in _find_and_load_unlocked
  File "<frozen importlib._bootstrap>", line 680, in _load_unlocked
  File "<frozen importlib._bootstrap_external>", line 850, in exec_module
  File "<frozen importlib._bootstrap>", line 228, in _call_with_frames_removed
  File "/pfs/data5/home/hd/hd_hd/hd_ei260/nnUNet/nnunet/training/network_training/nnUNetTrainerOwn.py", line 1, in <module>
    import nnUNetTrainerV2
ModuleNotFoundError: No module named 'nnUNetTrainerV2'

============================= JOB FEEDBACK =============================

NodeName=uc2n[510,514]
Job ID: 19858595
Cluster: uc2
User/Group: hd_ei260/hd_hd
State: FAILED (exit code 1)
Nodes: 2
Cores per node: 10
CPU Utilized: 00:00:04
CPU Efficiency: 0.16% of 00:41:00 core-walltime
Job Wall-clock time: 00:02:03
Memory Utilized: 311.93 MB
Memory Efficiency: 1.52% of 20.00 GB
